This file contains any messages produced by compilers while
running configure, to aid debugging if configure makes a mistake.

It was created by configure, which was
generated by GNU Autoconf 2.61.  Invocation command line was

  $ ./configure --build=i686-pc-linux

## --------- ##
## Platform. ##
## --------- ##

hostname = test
uname -m = i686
uname -r = 2.6.23.16
uname -s = Linux
uname -v = #1 PREEMPT Mon May 26 13:21:54 PDT 2008

/usr/bin/uname -p = unknown
/bin/uname -X     = unknown

/bin/arch              = unknown
/usr/bin/arch -k       = unknown
/usr/convex/getsysinfo = unknown
/usr/bin/hostinfo      = unknown
/bin/machine           = unknown
/usr/bin/oslevel       = unknown
/bin/universe          = unknown

PATH: /bin
PATH: /sbin
PATH: /usr/bin
PATH: /usr/sbin
PATH: /usr/local/bin
PATH: /usr/local/sbin


## ----------- ##
## Core tests. ##
## ----------- ##

configure:1791: checking for gcc
configure:1818: result: gcc
configure:2056: checking for C compiler version
configure:2063: gcc --version >&5
gcc (GCC) 4.1.1
Copyright (C) 2006 Free Software Foundation, Inc.
This is free software; see the source for copying conditions.  There is NO
warranty; not even for MERCHANTABILITY or FITNESS FOR A PARTICULAR PURPOSE.

configure:2066: $? = 0
configure:2073: gcc -v >&5
Using built-in specs.
Target: i686-linux-uclibc
Configured with: /home/srodgers/projects/limey-linux/limey-linux-105/d201gly2-test/buildroot/toolchain_build_i686/gcc-4.1.1/configure --prefix=/usr --build=i386-pc-linux-gnu --host=i686-linux-uclibc --target=i686-linux-uclibc --enable-languages=c --with-gxx-include-dir=/usr/include/c++ --disable-__cxa_atexit --with-gnu-ld --enable-shared --disable-nls --enable-threads --enable-multilib
Thread model: posix
gcc version 4.1.1
configure:2076: $? = 0
configure:2083: gcc -V >&5
gcc: '-V' option must have argument
configure:2086: $? = 1
configure:2109: checking for C compiler default output file name
configure:2136: gcc    conftest.c  >&5
configure:2139: $? = 0
configure:2177: result: a.out
configure:2194: checking whether the C compiler works
configure:2204: ./a.out
configure:2207: $? = 0
configure:2224: result: yes
configure:2231: checking whether we are cross compiling
configure:2233: result: no
configure:2236: checking for suffix of executables
configure:2243: gcc -o conftest    conftest.c  >&5
configure:2246: $? = 0
configure:2270: result: 
configure:2276: checking for suffix of object files
configure:2302: gcc -c   conftest.c >&5
configure:2305: $? = 0
configure:2328: result: o
configure:2332: checking whether we are using the GNU C compiler
configure:2361: gcc -c   conftest.c >&5
configure:2367: $? = 0
configure:2384: result: yes
configure:2389: checking whether gcc accepts -g
configure:2419: gcc -c -g  conftest.c >&5
configure:2425: $? = 0
configure:2524: result: yes
configure:2541: checking for gcc option to accept ISO C89
configure:2615: gcc  -c -g -O2  conftest.c >&5
configure:2621: $? = 0
configure:2644: result: none needed
configure:2667: checking how to run the C preprocessor
configure:2707: gcc -E  conftest.c
configure:2713: $? = 0
configure:2744: gcc -E  conftest.c
conftest.c:9:28: error: ac_nonexistent.h: No such file or directory
configure:2750: $? = 1
configure: failed program was:
| /* confdefs.h.  */
| #define PACKAGE_NAME ""
| #define PACKAGE_TARNAME ""
| #define PACKAGE_VERSION ""
| #define PACKAGE_STRING ""
| #define PACKAGE_BUGREPORT ""
| #define _GNU_SOURCE 1
| /* end confdefs.h.  */
| #include <ac_nonexistent.h>
configure:2783: result: gcc -E
configure:2812: gcc -E  conftest.c
configure:2818: $? = 0
configure:2849: gcc -E  conftest.c
conftest.c:9:28: error: ac_nonexistent.h: No such file or directory
configure:2855: $? = 1
configure: failed program was:
| /* confdefs.h.  */
| #define PACKAGE_NAME ""
| #define PACKAGE_TARNAME ""
| #define PACKAGE_VERSION ""
| #define PACKAGE_STRING ""
| #define PACKAGE_BUGREPORT ""
| #define _GNU_SOURCE 1
| /* end confdefs.h.  */
| #include <ac_nonexistent.h>
configure:2936: checking for a BSD-compatible install
configure:2992: result: /usr/bin/install -c
configure:3003: checking whether ln -s works
configure:3007: result: yes
configure:3014: checking for GNU make
configure:3029: result: make
configure:3055: gcc -c -g -O2  conftest.c >&5
configure:3061: $? = 0
configure:3087: checking for grep
configure:3105: found /bin/grep
configure:3118: result: /bin/grep
configure:3128: checking for sh
configure:3159: result: /bin/sh
configure:3169: checking for ln
configure:3187: found /bin/ln
configure:3200: result: /bin/ln
configure:3211: checking for wget
configure:3229: found /bin/wget
configure:3242: result: /bin/wget
configure:3306: checking for grep that handles long lines and -e
configure:3380: result: /bin/grep
configure:3385: checking for egrep
configure:3463: result: /bin/grep -E
configure:3468: checking for ANSI C header files
configure:3498: gcc -c -g -O2  conftest.c >&5
configure:3504: $? = 0
configure:3603: gcc -o conftest -g -O2   conftest.c  >&5
configure:3606: $? = 0
configure:3612: ./conftest
configure:3615: $? = 0
configure:3632: result: yes
configure:3656: checking for sys/types.h
configure:3677: gcc -c -g -O2  conftest.c >&5
configure:3683: $? = 0
configure:3699: result: yes
configure:3656: checking for sys/stat.h
configure:3677: gcc -c -g -O2  conftest.c >&5
configure:3683: $? = 0
configure:3699: result: yes
configure:3656: checking for stdlib.h
configure:3677: gcc -c -g -O2  conftest.c >&5
configure:3683: $? = 0
configure:3699: result: yes
configure:3656: checking for string.h
configure:3677: gcc -c -g -O2  conftest.c >&5
configure:3683: $? = 0
configure:3699: result: yes
configure:3656: checking for memory.h
configure:3677: gcc -c -g -O2  conftest.c >&5
configure:3683: $? = 0
configure:3699: result: yes
configure:3656: checking for strings.h
configure:3677: gcc -c -g -O2  conftest.c >&5
configure:3683: $? = 0
configure:3699: result: yes
configure:3656: checking for inttypes.h
configure:3677: gcc -c -g -O2  conftest.c >&5
configure:3683: $? = 0
configure:3699: result: yes
configure:3656: checking for stdint.h
configure:3677: gcc -c -g -O2  conftest.c >&5
configure:3683: $? = 0
configure:3699: result: yes
configure:3656: checking for unistd.h
configure:3677: gcc -c -g -O2  conftest.c >&5
configure:3683: $? = 0
configure:3699: result: yes
configure:3739: checking for initscr in -lcurses
configure:3774: gcc -o conftest -g -O2   conftest.c -lcurses    >&5
configure:3780: $? = 0
configure:3798: result: yes
configure:3962: checking curses.h usability
configure:3979: gcc -c -g -O2  conftest.c >&5
configure:3985: $? = 0
configure:3999: result: yes
configure:4003: checking curses.h presence
configure:4018: gcc -E  conftest.c
configure:4024: $? = 0
configure:4038: result: yes
configure:4066: checking for curses.h
configure:4073: result: yes
configure:4155: checking for initscr in -lncurses
configure:4190: gcc -o conftest -g -O2   conftest.c -lncurses    >&5
configure:4196: $? = 0
configure:4214: result: yes
configure:4369: checking for curses.h
configure:4374: result: yes
configure:4571: checking for newtBell in -lnewt
configure:4606: gcc -o conftest -g -O2   conftest.c -lnewt    >&5
configure:4612: $? = 0
configure:4630: result: yes
configure:4794: checking newt.h usability
configure:4811: gcc -c -g -O2  conftest.c >&5
configure:4817: $? = 0
configure:4831: result: yes
configure:4835: checking newt.h presence
configure:4850: gcc -E  conftest.c
configure:4856: $? = 0
configure:4870: result: yes
configure:4898: checking for newt.h
configure:4905: result: yes
configure:4987: checking for usb_init in -lusb
configure:5022: gcc -o conftest -g -O2   conftest.c -lusb    >&5
configure:5028: $? = 0
configure:5046: result: yes
configure:5210: checking usb.h usability
configure:5227: gcc -c -g -O2  conftest.c >&5
configure:5233: $? = 0
configure:5247: result: yes
configure:5251: checking usb.h presence
configure:5266: gcc -E  conftest.c
configure:5272: $? = 0
configure:5286: result: yes
configure:5314: checking for usb.h
configure:5321: result: yes
configure:5573: creating ./config.status

## ---------------------- ##
## Running config.status. ##
## ---------------------- ##

This file was extended by config.status, which was
generated by GNU Autoconf 2.61.  Invocation command line was

  CONFIG_FILES    = 
  CONFIG_HEADERS  = 
  CONFIG_LINKS    = 
  CONFIG_COMMANDS = 
  $ ./config.status 

on test

config.status:604: creating build_tools/menuselect-deps
config.status:604: creating makeopts
config.status:604: creating build_tools/make_firmware_object
configure:6486: *** Zaptel build successfully configured ***

## ---------------- ##
## Cache variables. ##
## ---------------- ##

ac_cv_c_compiler_gnu=yes
ac_cv_env_CC_set=set
ac_cv_env_CC_value=gcc
ac_cv_env_CFLAGS_set=
ac_cv_env_CFLAGS_value=
ac_cv_env_CPPFLAGS_set=
ac_cv_env_CPPFLAGS_value=
ac_cv_env_CPP_set=
ac_cv_env_CPP_value=
ac_cv_env_LDFLAGS_set=
ac_cv_env_LDFLAGS_value=
ac_cv_env_LIBS_set=
ac_cv_env_LIBS_value=
ac_cv_env_build_alias_set=set
ac_cv_env_build_alias_value=i686-pc-linux
ac_cv_env_host_alias_set=
ac_cv_env_host_alias_value=
ac_cv_env_target_alias_set=
ac_cv_env_target_alias_value=
ac_cv_header_curses_h=yes
ac_cv_header_inttypes_h=yes
ac_cv_header_memory_h=yes
ac_cv_header_newt_h=yes
ac_cv_header_stdc=yes
ac_cv_header_stdint_h=yes
ac_cv_header_stdlib_h=yes
ac_cv_header_string_h=yes
ac_cv_header_strings_h=yes
ac_cv_header_sys_stat_h=yes
ac_cv_header_sys_types_h=yes
ac_cv_header_unistd_h=yes
ac_cv_header_usb_h=yes
ac_cv_lib_curses_initscr=yes
ac_cv_lib_ncurses_initscr=yes
ac_cv_lib_newt_newtBell=yes
ac_cv_lib_usb_usb_init=yes
ac_cv_objext=o
ac_cv_path_EGREP='/bin/grep -E'
ac_cv_path_GREP=/bin/grep
ac_cv_path_LN=/bin/ln
ac_cv_path_SHELL=/bin/sh
ac_cv_path_WGET=/bin/wget
ac_cv_path_install='/usr/bin/install -c'
ac_cv_prog_CPP='gcc -E'
ac_cv_prog_ac_ct_CC=gcc
ac_cv_prog_cc_c89=
ac_cv_prog_cc_g=yes

## ----------------- ##
## Output variables. ##
## ----------------- ##

ASCIIDOC='asciidoc'
BDFARCH='i386'
BDFNAME='elf32-i386'
CC='gcc'
CFLAGS='-g -O2'
CPP='gcc -E'
CPPFLAGS=''
CURSES_INCLUDE=''
CURSES_LIB='-lcurses '
DEFS='-DPACKAGE_NAME=\"\" -DPACKAGE_TARNAME=\"\" -DPACKAGE_VERSION=\"\" -DPACKAGE_STRING=\"\" -DPACKAGE_BUGREPORT=\"\" -D_GNU_SOURCE=1 -DSTDC_HEADERS=1 -DHAVE_SYS_TYPES_H=1 -DHAVE_SYS_STAT_H=1 -DHAVE_STDLIB_H=1 -DHAVE_STRING_H=1 -DHAVE_MEMORY_H=1 -DHAVE_STRINGS_H=1 -DHAVE_INTTYPES_H=1 -DHAVE_STDINT_H=1 -DHAVE_UNISTD_H=1 -DHAVE_CURSES=1 -DHAVE_NCURSES=1 -DHAVE_NEWT=1 -DHAVE_USB=1'
DOWNLOAD='/bin/wget'
ECHO_C=''
ECHO_N='-n'
ECHO_T=''
EGREP='/bin/grep -E'
EXEEXT=''
FETCH=''
GNU_MAKE='make'
GREP='/bin/grep'
HOSTCC='gcc'
INSTALL_DATA='${INSTALL} -m 644'
INSTALL_PROGRAM='${INSTALL}'
INSTALL_SCRIPT='${INSTALL}'
LDFLAGS=''
LIBOBJS=''
LIBS=''
LN='/bin/ln'
LN_S='ln -s'
LTLIBOBJS=''
NCURSES_INCLUDE=''
NCURSES_LIB='-lncurses '
NEWT_INCLUDE=''
NEWT_LIB='-lnewt '
OBJEXT='o'
PACKAGE_BUGREPORT=''
PACKAGE_NAME=''
PACKAGE_STRING=''
PACKAGE_TARNAME=''
PACKAGE_VERSION=''
PATH_SEPARATOR=':'
PBX_LIBCURSES='1'
PBX_LIBNCURSES='1'
PBX_LIBNEWT='1'
PBX_LIBUSB='1'
PPPD_VERSION='2.4.4'
SHELL='/bin/sh'
USB_INCLUDE=''
USB_LIB='-lusb '
USE_SELINUX='no'
WGET='/bin/wget'
ac_ct_CC='gcc'
bindir='${exec_prefix}/bin'
build_alias='i686-pc-linux'
datadir='${datarootdir}'
datarootdir='${prefix}/share'
docdir='${datarootdir}/doc/${PACKAGE}'
dvidir='${docdir}'
exec_prefix='${prefix}'
host_alias=''
htmldir='${docdir}'
includedir='${prefix}/include'
infodir='${datarootdir}/info'
libdir='${exec_prefix}/lib'
libexecdir='${exec_prefix}/libexec'
localedir='${datarootdir}/locale'
localstatedir='/var'
mandir='${datarootdir}/man'
oldincludedir='/usr/include'
pdfdir='${docdir}'
prefix='/usr'
program_transform_name='s,x,x,'
psdir='${docdir}'
sbindir='${exec_prefix}/sbin'
sharedstatedir='${prefix}/com'
sysconfdir='/etc'
target_alias=''

## ----------- ##
## confdefs.h. ##
## ----------- ##

#define PACKAGE_NAME ""
#define PACKAGE_TARNAME ""
#define PACKAGE_VERSION ""
#define PACKAGE_STRING ""
#define PACKAGE_BUGREPORT ""
#define _GNU_SOURCE 1
#define STDC_HEADERS 1
#define HAVE_SYS_TYPES_H 1
#define HAVE_SYS_STAT_H 1
#define HAVE_STDLIB_H 1
#define HAVE_STRING_H 1
#define HAVE_MEMORY_H 1
#define HAVE_STRINGS_H 1
#define HAVE_INTTYPES_H 1
#define HAVE_STDINT_H 1
#define HAVE_UNISTD_H 1
#define HAVE_CURSES 1
#define HAVE_NCURSES 1
#define HAVE_NEWT 1
#define HAVE_USB 1

configure: exit 0
